2019-03-22 21:38:24,412 [Worker-7] INFO  o.e.m.c.i.p.ProjectConfigurationManager - Collecting project info '/pom.xml' C:\Users\user\Desktop\FACULTATE\AN3SEM2\PS-BOOKS\assignment-1-CatargiuAndreea\1\pom.xml
2019-03-22 21:38:24,456 [Worker-7] ERROR o.e.m.c.i.URLConnectionCaches - Unexpected URLConnection defaultUseCaches enabled
2019-03-22 21:38:26,409 [Worker-7] INFO  o.e.m.c.i.l.LifecycleMappingFactory - Using org.eclipse.m2e.jdt.JarLifecycleMapping lifecycle mapping for MavenProject: 12:1:0.0.1-SNAPSHOT @ C:\Users\user\Desktop\FACULTATE\AN3SEM2\PS-BOOKS\assignment-1-CatargiuAndreea\1\pom.xml.
2019-03-22 21:38:27,470 [Worker-7] ERROR o.e.m.c.i.URLConnectionCaches - Unexpected URLConnection defaultUseCaches enabled
2019-03-22 21:38:27,825 [Worker-7] INFO  o.e.m.j.i.AbstractJavaProjectConfigurator - Adding source folder /1/src/main/java
2019-03-22 21:38:27,836 [Worker-7] INFO  o.e.m.j.i.AbstractJavaProjectConfigurator - Adding source folder /1/src/test/java
2019-03-22 21:38:29,216 [Worker-7] INFO  o.e.m.c.i.p.ProjectConfigurationManager - Imported and configured 1 project(s) in 4 sec
2019-03-22 21:38:29,920 [Worker-11] ERROR o.e.m.c.i.URLConnectionCaches - Unexpected URLConnection defaultUseCaches enabled
2019-03-22 21:38:29,945 [Worker-11] INFO  o.e.m.c.i.embedder.EclipseLogger - Using 'UTF-8' encoding to copy filtered resources.
2019-03-22 21:38:29,945 [Worker-11] INFO  o.e.m.c.i.embedder.EclipseLogger - skip non existing resourceDirectory C:\Users\user\Desktop\FACULTATE\AN3SEM2\PS-BOOKS\assignment-1-CatargiuAndreea\1\src\main\resources
2019-03-22 21:38:29,948 [Worker-11] INFO  o.e.m.c.i.embedder.EclipseLogger - Using 'UTF-8' encoding to copy filtered resources.
2019-03-22 21:38:29,949 [Worker-11] INFO  o.e.m.c.i.embedder.EclipseLogger - skip non existing resourceDirectory C:\Users\user\Desktop\FACULTATE\AN3SEM2\PS-BOOKS\assignment-1-CatargiuAndreea\1\src\test\resources
2019-03-24 12:42:55,608 [Worker-6] INFO  o.e.m.c.i.l.LifecycleMappingFactory - Using org.eclipse.m2e.jdt.JarLifecycleMapping lifecycle mapping for MavenProject: 12:1:0.0.1-SNAPSHOT @ C:\Users\user\Desktop\FACULTATE\AN3SEM2\PS-BOOKS\assignment-1-CatargiuAndreea\1\pom.xml.
2019-03-24 12:43:03,714 [Worker-10] INFO  o.e.m.c.i.embedder.EclipseLogger - Using 'UTF-8' encoding to copy filtered resources.
2019-03-24 12:43:03,715 [Worker-10] INFO  o.e.m.c.i.embedder.EclipseLogger - skip non existing resourceDirectory C:\Users\user\Desktop\FACULTATE\AN3SEM2\PS-BOOKS\assignment-1-CatargiuAndreea\1\src\main\resources
2019-03-24 12:43:03,717 [Worker-10] INFO  o.e.m.c.i.embedder.EclipseLogger - Using 'UTF-8' encoding to copy filtered resources.
2019-03-24 12:43:03,718 [Worker-10] INFO  o.e.m.c.i.embedder.EclipseLogger - skip non existing resourceDirectory C:\Users\user\Desktop\FACULTATE\AN3SEM2\PS-BOOKS\assignment-1-CatargiuAndreea\1\src\test\resources
2019-03-24 14:52:28,191 [Worker-9] INFO  o.e.m.c.i.embedder.EclipseLogger - Using 'UTF-8' encoding to copy filtered resources.
2019-03-24 14:52:28,192 [Worker-9] INFO  o.e.m.c.i.embedder.EclipseLogger - skip non existing resourceDirectory C:\Users\user\Desktop\FACULTATE\AN3SEM2\PS-BOOKS\assignment-1-CatargiuAndreea\1\src\main\resources
2019-03-24 14:52:28,198 [Worker-9] INFO  o.e.m.c.i.embedder.EclipseLogger - Using 'UTF-8' encoding to copy filtered resources.
2019-03-24 14:52:28,198 [Worker-9] INFO  o.e.m.c.i.embedder.EclipseLogger - skip non existing resourceDirectory C:\Users\user\Desktop\FACULTATE\AN3SEM2\PS-BOOKS\assignment-1-CatargiuAndreea\1\src\test\resources
2019-03-24 15:02:30,470 [Worker-20] INFO  o.e.m.c.i.embedder.EclipseLogger - Using 'UTF-8' encoding to copy filtered resources.
2019-03-24 15:02:30,471 [Worker-20] INFO  o.e.m.c.i.embedder.EclipseLogger - skip non existing resourceDirectory C:\Users\user\Desktop\FACULTATE\AN3SEM2\PS-BOOKS\assignment-1-CatargiuAndreea\1\src\main\resources
2019-03-24 15:02:30,474 [Worker-20] INFO  o.e.m.c.i.embedder.EclipseLogger - Using 'UTF-8' encoding to copy filtered resources.
2019-03-24 15:02:30,475 [Worker-20] INFO  o.e.m.c.i.embedder.EclipseLogger - skip non existing resourceDirectory C:\Users\user\Desktop\FACULTATE\AN3SEM2\PS-BOOKS\assignment-1-CatargiuAndreea\1\src\test\resources
2019-03-24 15:14:33,723 [Worker-23] INFO  o.e.m.c.i.embedder.EclipseLogger - Using 'UTF-8' encoding to copy filtered resources.
2019-03-24 15:14:33,724 [Worker-23] INFO  o.e.m.c.i.embedder.EclipseLogger - skip non existing resourceDirectory C:\Users\user\Desktop\FACULTATE\AN3SEM2\PS-BOOKS\assignment-1-CatargiuAndreea\1\src\main\resources
2019-03-24 15:14:33,725 [Worker-23] INFO  o.e.m.c.i.embedder.EclipseLogger - Using 'UTF-8' encoding to copy filtered resources.
2019-03-24 15:14:33,726 [Worker-23] INFO  o.e.m.c.i.embedder.EclipseLogger - skip non existing resourceDirectory C:\Users\user\Desktop\FACULTATE\AN3SEM2\PS-BOOKS\assignment-1-CatargiuAndreea\1\src\test\resources
2019-03-24 15:15:51,043 [Worker-21] INFO  o.e.m.c.i.embedder.EclipseLogger - Using 'UTF-8' encoding to copy filtered resources.
2019-03-24 15:15:51,043 [Worker-21] INFO  o.e.m.c.i.embedder.EclipseLogger - skip non existing resourceDirectory C:\Users\user\Desktop\FACULTATE\AN3SEM2\PS-BOOKS\assignment-1-CatargiuAndreea\1\src\main\resources
2019-03-24 15:15:51,045 [Worker-21] INFO  o.e.m.c.i.embedder.EclipseLogger - Using 'UTF-8' encoding to copy filtered resources.
2019-03-24 15:15:51,046 [Worker-21] INFO  o.e.m.c.i.embedder.EclipseLogger - skip non existing resourceDirectory C:\Users\user\Desktop\FACULTATE\AN3SEM2\PS-BOOKS\assignment-1-CatargiuAndreea\1\src\test\resources
2019-03-24 15:18:15,359 [Worker-20] INFO  o.e.m.c.i.embedder.EclipseLogger - Using 'UTF-8' encoding to copy filtered resources.
2019-03-24 15:18:15,360 [Worker-20] INFO  o.e.m.c.i.embedder.EclipseLogger - skip non existing resourceDirectory C:\Users\user\Desktop\FACULTATE\AN3SEM2\PS-BOOKS\assignment-1-CatargiuAndreea\1\src\main\resources
2019-03-24 15:18:15,377 [Worker-20] INFO  o.e.m.c.i.embedder.EclipseLogger - Using 'UTF-8' encoding to copy filtered resources.
2019-03-24 15:18:15,378 [Worker-20] INFO  o.e.m.c.i.embedder.EclipseLogger - skip non existing resourceDirectory C:\Users\user\Desktop\FACULTATE\AN3SEM2\PS-BOOKS\assignment-1-CatargiuAndreea\1\src\test\resources
2019-03-24 15:18:44,070 [Worker-21] INFO  o.e.m.c.i.embedder.EclipseLogger - Using 'UTF-8' encoding to copy filtered resources.
2019-03-24 15:18:44,070 [Worker-21] INFO  o.e.m.c.i.embedder.EclipseLogger - skip non existing resourceDirectory C:\Users\user\Desktop\FACULTATE\AN3SEM2\PS-BOOKS\assignment-1-CatargiuAndreea\1\src\main\resources
2019-03-24 15:18:44,072 [Worker-21] INFO  o.e.m.c.i.embedder.EclipseLogger - Using 'UTF-8' encoding to copy filtered resources.
2019-03-24 15:18:44,072 [Worker-21] INFO  o.e.m.c.i.embedder.EclipseLogger - skip non existing resourceDirectory C:\Users\user\Desktop\FACULTATE\AN3SEM2\PS-BOOKS\assignment-1-CatargiuAndreea\1\src\test\resources
2019-03-24 15:18:45,106 [Worker-18] INFO  o.e.m.c.i.embedder.EclipseLogger - Using 'UTF-8' encoding to copy filtered resources.
2019-03-24 15:18:45,106 [Worker-18] INFO  o.e.m.c.i.embedder.EclipseLogger - skip non existing resourceDirectory C:\Users\user\Desktop\FACULTATE\AN3SEM2\PS-BOOKS\assignment-1-CatargiuAndreea\1\src\main\resources
2019-03-24 15:18:45,108 [Worker-18] INFO  o.e.m.c.i.embedder.EclipseLogger - Using 'UTF-8' encoding to copy filtered resources.
2019-03-24 15:18:45,108 [Worker-18] INFO  o.e.m.c.i.embedder.EclipseLogger - skip non existing resourceDirectory C:\Users\user\Desktop\FACULTATE\AN3SEM2\PS-BOOKS\assignment-1-CatargiuAndreea\1\src\test\resources
2019-03-24 15:26:48,468 [Worker-27] INFO  o.e.m.c.i.embedder.EclipseLogger - Using 'UTF-8' encoding to copy filtered resources.
2019-03-24 15:26:48,468 [Worker-27] INFO  o.e.m.c.i.embedder.EclipseLogger - skip non existing resourceDirectory C:\Users\user\Desktop\FACULTATE\AN3SEM2\PS-BOOKS\assignment-1-CatargiuAndreea\1\src\main\resources
2019-03-24 15:26:48,471 [Worker-27] INFO  o.e.m.c.i.embedder.EclipseLogger - Using 'UTF-8' encoding to copy filtered resources.
2019-03-24 15:26:48,472 [Worker-27] INFO  o.e.m.c.i.embedder.EclipseLogger - skip non existing resourceDirectory C:\Users\user\Desktop\FACULTATE\AN3SEM2\PS-BOOKS\assignment-1-CatargiuAndreea\1\src\test\resources
2019-03-24 15:29:22,916 [Worker-18] INFO  o.e.m.c.i.embedder.EclipseLogger - Using 'UTF-8' encoding to copy filtered resources.
2019-03-24 15:29:22,917 [Worker-18] INFO  o.e.m.c.i.embedder.EclipseLogger - skip non existing resourceDirectory C:\Users\user\Desktop\FACULTATE\AN3SEM2\PS-BOOKS\assignment-1-CatargiuAndreea\1\src\main\resources
2019-03-24 15:29:22,918 [Worker-18] INFO  o.e.m.c.i.embedder.EclipseLogger - Using 'UTF-8' encoding to copy filtered resources.
2019-03-24 15:29:22,919 [Worker-18] INFO  o.e.m.c.i.embedder.EclipseLogger - skip non existing resourceDirectory C:\Users\user\Desktop\FACULTATE\AN3SEM2\PS-BOOKS\assignment-1-CatargiuAndreea\1\src\test\resources
2019-03-24 15:30:03,152 [Worker-25] INFO  o.e.m.c.i.embedder.EclipseLogger - Using 'UTF-8' encoding to copy filtered resources.
2019-03-24 15:30:03,152 [Worker-25] INFO  o.e.m.c.i.embedder.EclipseLogger - skip non existing resourceDirectory C:\Users\user\Desktop\FACULTATE\AN3SEM2\PS-BOOKS\assignment-1-CatargiuAndreea\1\src\main\resources
2019-03-24 15:30:03,154 [Worker-25] INFO  o.e.m.c.i.embedder.EclipseLogger - Using 'UTF-8' encoding to copy filtered resources.
2019-03-24 15:30:03,154 [Worker-25] INFO  o.e.m.c.i.embedder.EclipseLogger - skip non existing resourceDirectory C:\Users\user\Desktop\FACULTATE\AN3SEM2\PS-BOOKS\assignment-1-CatargiuAndreea\1\src\test\resources
2019-03-24 15:30:40,714 [Worker-28] INFO  o.e.m.c.i.embedder.EclipseLogger - Using 'UTF-8' encoding to copy filtered resources.
2019-03-24 15:30:40,715 [Worker-28] INFO  o.e.m.c.i.embedder.EclipseLogger - skip non existing resourceDirectory C:\Users\user\Desktop\FACULTATE\AN3SEM2\PS-BOOKS\assignment-1-CatargiuAndreea\1\src\main\resources
2019-03-24 15:30:40,716 [Worker-28] INFO  o.e.m.c.i.embedder.EclipseLogger - Using 'UTF-8' encoding to copy filtered resources.
2019-03-24 15:30:40,716 [Worker-28] INFO  o.e.m.c.i.embedder.EclipseLogger - skip non existing resourceDirectory C:\Users\user\Desktop\FACULTATE\AN3SEM2\PS-BOOKS\assignment-1-CatargiuAndreea\1\src\test\resources
2019-03-24 15:31:15,774 [Worker-29] INFO  o.e.m.c.i.embedder.EclipseLogger - Using 'UTF-8' encoding to copy filtered resources.
2019-03-24 15:31:15,774 [Worker-29] INFO  o.e.m.c.i.embedder.EclipseLogger - skip non existing resourceDirectory C:\Users\user\Desktop\FACULTATE\AN3SEM2\PS-BOOKS\assignment-1-CatargiuAndreea\1\src\main\resources
2019-03-24 15:31:15,775 [Worker-29] INFO  o.e.m.c.i.embedder.EclipseLogger - Using 'UTF-8' encoding to copy filtered resources.
2019-03-24 15:31:15,776 [Worker-29] INFO  o.e.m.c.i.embedder.EclipseLogger - skip non existing resourceDirectory C:\Users\user\Desktop\FACULTATE\AN3SEM2\PS-BOOKS\assignment-1-CatargiuAndreea\1\src\test\resources
2019-03-24 15:31:25,241 [Worker-28] INFO  o.e.m.c.i.embedder.EclipseLogger - Using 'UTF-8' encoding to copy filtered resources.
2019-03-24 15:31:25,242 [Worker-28] INFO  o.e.m.c.i.embedder.EclipseLogger - skip non existing resourceDirectory C:\Users\user\Desktop\FACULTATE\AN3SEM2\PS-BOOKS\assignment-1-CatargiuAndreea\1\src\main\resources
2019-03-24 15:31:25,247 [Worker-28] INFO  o.e.m.c.i.embedder.EclipseLogger - Using 'UTF-8' encoding to copy filtered resources.
2019-03-24 15:31:25,248 [Worker-28] INFO  o.e.m.c.i.embedder.EclipseLogger - skip non existing resourceDirectory C:\Users\user\Desktop\FACULTATE\AN3SEM2\PS-BOOKS\assignment-1-CatargiuAndreea\1\src\test\resources
2019-03-24 15:31:27,464 [Worker-29] INFO  o.e.m.c.i.embedder.EclipseLogger - Using 'UTF-8' encoding to copy filtered resources.
2019-03-24 15:31:27,464 [Worker-29] INFO  o.e.m.c.i.embedder.EclipseLogger - skip non existing resourceDirectory C:\Users\user\Desktop\FACULTATE\AN3SEM2\PS-BOOKS\assignment-1-CatargiuAndreea\1\src\main\resources
2019-03-24 15:31:27,466 [Worker-29] INFO  o.e.m.c.i.embedder.EclipseLogger - Using 'UTF-8' encoding to copy filtered resources.
2019-03-24 15:31:27,466 [Worker-29] INFO  o.e.m.c.i.embedder.EclipseLogger - skip non existing resourceDirectory C:\Users\user\Desktop\FACULTATE\AN3SEM2\PS-BOOKS\assignment-1-CatargiuAndreea\1\src\test\resources
2019-03-24 15:34:26,456 [Worker-31] INFO  o.e.m.c.i.embedder.EclipseLogger - Using 'UTF-8' encoding to copy filtered resources.
2019-03-24 15:34:26,457 [Worker-31] INFO  o.e.m.c.i.embedder.EclipseLogger - skip non existing resourceDirectory C:\Users\user\Desktop\FACULTATE\AN3SEM2\PS-BOOKS\assignment-1-CatargiuAndreea\1\src\main\resources
2019-03-24 15:34:26,459 [Worker-31] INFO  o.e.m.c.i.embedder.EclipseLogger - Using 'UTF-8' encoding to copy filtered resources.
2019-03-24 15:34:26,459 [Worker-31] INFO  o.e.m.c.i.embedder.EclipseLogger - skip non existing resourceDirectory C:\Users\user\Desktop\FACULTATE\AN3SEM2\PS-BOOKS\assignment-1-CatargiuAndreea\1\src\test\resources
2019-03-24 15:38:47,748 [Worker-31] INFO  o.e.m.c.i.embedder.EclipseLogger - Using 'UTF-8' encoding to copy filtered resources.
2019-03-24 15:38:47,749 [Worker-31] INFO  o.e.m.c.i.embedder.EclipseLogger - skip non existing resourceDirectory C:\Users\user\Desktop\FACULTATE\AN3SEM2\PS-BOOKS\assignment-1-CatargiuAndreea\1\src\main\resources
2019-03-24 15:38:47,750 [Worker-31] INFO  o.e.m.c.i.embedder.EclipseLogger - Using 'UTF-8' encoding to copy filtered resources.
2019-03-24 15:38:47,751 [Worker-31] INFO  o.e.m.c.i.embedder.EclipseLogger - skip non existing resourceDirectory C:\Users\user\Desktop\FACULTATE\AN3SEM2\PS-BOOKS\assignment-1-CatargiuAndreea\1\src\test\resources
2019-03-24 15:39:11,467 [Worker-31] INFO  o.e.m.c.i.embedder.EclipseLogger - Using 'UTF-8' encoding to copy filtered resources.
2019-03-24 15:39:11,468 [Worker-31] INFO  o.e.m.c.i.embedder.EclipseLogger - skip non existing resourceDirectory C:\Users\user\Desktop\FACULTATE\AN3SEM2\PS-BOOKS\assignment-1-CatargiuAndreea\1\src\main\resources
2019-03-24 15:39:11,470 [Worker-31] INFO  o.e.m.c.i.embedder.EclipseLogger - Using 'UTF-8' encoding to copy filtered resources.
2019-03-24 15:39:11,470 [Worker-31] INFO  o.e.m.c.i.embedder.EclipseLogger - skip non existing resourceDirectory C:\Users\user\Desktop\FACULTATE\AN3SEM2\PS-BOOKS\assignment-1-CatargiuAndreea\1\src\test\resources
2019-03-24 15:39:43,421 [Worker-24] INFO  o.e.m.c.i.embedder.EclipseLogger - Using 'UTF-8' encoding to copy filtered resources.
2019-03-24 15:39:43,421 [Worker-24] INFO  o.e.m.c.i.embedder.EclipseLogger - skip non existing resourceDirectory C:\Users\user\Desktop\FACULTATE\AN3SEM2\PS-BOOKS\assignment-1-CatargiuAndreea\1\src\main\resources
2019-03-24 15:39:43,422 [Worker-24] INFO  o.e.m.c.i.embedder.EclipseLogger - Using 'UTF-8' encoding to copy filtered resources.
2019-03-24 15:39:43,423 [Worker-24] INFO  o.e.m.c.i.embedder.EclipseLogger - skip non existing resourceDirectory C:\Users\user\Desktop\FACULTATE\AN3SEM2\PS-BOOKS\assignment-1-CatargiuAndreea\1\src\test\resources
2019-03-24 15:40:28,866 [Worker-29] INFO  o.e.m.c.i.embedder.EclipseLogger - Using 'UTF-8' encoding to copy filtered resources.
2019-03-24 15:40:28,867 [Worker-29] INFO  o.e.m.c.i.embedder.EclipseLogger - skip non existing resourceDirectory C:\Users\user\Desktop\FACULTATE\AN3SEM2\PS-BOOKS\assignment-1-CatargiuAndreea\1\src\main\resources
2019-03-24 15:40:28,868 [Worker-29] INFO  o.e.m.c.i.embedder.EclipseLogger - Using 'UTF-8' encoding to copy filtered resources.
2019-03-24 15:40:28,868 [Worker-29] INFO  o.e.m.c.i.embedder.EclipseLogger - skip non existing resourceDirectory C:\Users\user\Desktop\FACULTATE\AN3SEM2\PS-BOOKS\assignment-1-CatargiuAndreea\1\src\test\resources
2019-03-24 15:40:37,463 [Worker-35] INFO  o.e.m.c.i.embedder.EclipseLogger - Using 'UTF-8' encoding to copy filtered resources.
2019-03-24 15:40:37,463 [Worker-35] INFO  o.e.m.c.i.embedder.EclipseLogger - skip non existing resourceDirectory C:\Users\user\Desktop\FACULTATE\AN3SEM2\PS-BOOKS\assignment-1-CatargiuAndreea\1\src\main\resources
2019-03-24 15:40:37,464 [Worker-35] INFO  o.e.m.c.i.embedder.EclipseLogger - Using 'UTF-8' encoding to copy filtered resources.
2019-03-24 15:40:37,465 [Worker-35] INFO  o.e.m.c.i.embedder.EclipseLogger - skip non existing resourceDirectory C:\Users\user\Desktop\FACULTATE\AN3SEM2\PS-BOOKS\assignment-1-CatargiuAndreea\1\src\test\resources
2019-03-24 15:43:04,504 [Worker-32] INFO  o.e.m.c.i.embedder.EclipseLogger - Using 'UTF-8' encoding to copy filtered resources.
2019-03-24 15:43:04,505 [Worker-32] INFO  o.e.m.c.i.embedder.EclipseLogger - skip non existing resourceDirectory C:\Users\user\Desktop\FACULTATE\AN3SEM2\PS-BOOKS\assignment-1-CatargiuAndreea\1\src\main\resources
2019-03-24 15:43:04,506 [Worker-32] INFO  o.e.m.c.i.embedder.EclipseLogger - Using 'UTF-8' encoding to copy filtered resources.
2019-03-24 15:43:04,506 [Worker-32] INFO  o.e.m.c.i.embedder.EclipseLogger - skip non existing resourceDirectory C:\Users\user\Desktop\FACULTATE\AN3SEM2\PS-BOOKS\assignment-1-CatargiuAndreea\1\src\test\resources
2019-03-24 15:46:53,741 [Worker-34] INFO  o.e.m.c.i.embedder.EclipseLogger - Using 'UTF-8' encoding to copy filtered resources.
2019-03-24 15:46:53,742 [Worker-34] INFO  o.e.m.c.i.embedder.EclipseLogger - skip non existing resourceDirectory C:\Users\user\Desktop\FACULTATE\AN3SEM2\PS-BOOKS\assignment-1-CatargiuAndreea\1\src\main\resources
2019-03-24 15:46:53,743 [Worker-34] INFO  o.e.m.c.i.embedder.EclipseLogger - Using 'UTF-8' encoding to copy filtered resources.
2019-03-24 15:46:53,744 [Worker-34] INFO  o.e.m.c.i.embedder.EclipseLogger - skip non existing resourceDirectory C:\Users\user\Desktop\FACULTATE\AN3SEM2\PS-BOOKS\assignment-1-CatargiuAndreea\1\src\test\resources
2019-03-24 16:29:05,393 [Worker-34] INFO  o.e.m.c.i.embedder.EclipseLogger - Using 'UTF-8' encoding to copy filtered resources.
2019-03-24 16:29:05,394 [Worker-34] INFO  o.e.m.c.i.embedder.EclipseLogger - skip non existing resourceDirectory C:\Users\user\Desktop\FACULTATE\AN3SEM2\PS-BOOKS\assignment-1-CatargiuAndreea\1\src\main\resources
2019-03-24 16:29:05,396 [Worker-34] INFO  o.e.m.c.i.embedder.EclipseLogger - Using 'UTF-8' encoding to copy filtered resources.
2019-03-24 16:29:05,397 [Worker-34] INFO  o.e.m.c.i.embedder.EclipseLogger - skip non existing resourceDirectory C:\Users\user\Desktop\FACULTATE\AN3SEM2\PS-BOOKS\assignment-1-CatargiuAndreea\1\src\test\resources
2019-03-24 16:34:25,119 [Worker-41] INFO  o.e.m.c.i.embedder.EclipseLogger - Using 'UTF-8' encoding to copy filtered resources.
2019-03-24 16:34:25,120 [Worker-41] INFO  o.e.m.c.i.embedder.EclipseLogger - skip non existing resourceDirectory C:\Users\user\Desktop\FACULTATE\AN3SEM2\PS-BOOKS\assignment-1-CatargiuAndreea\1\src\main\resources
2019-03-24 16:34:25,122 [Worker-41] INFO  o.e.m.c.i.embedder.EclipseLogger - Using 'UTF-8' encoding to copy filtered resources.
2019-03-24 16:34:25,123 [Worker-41] INFO  o.e.m.c.i.embedder.EclipseLogger - skip non existing resourceDirectory C:\Users\user\Desktop\FACULTATE\AN3SEM2\PS-BOOKS\assignment-1-CatargiuAndreea\1\src\test\resources
2019-03-24 16:36:03,469 [Worker-39] INFO  o.e.m.c.i.embedder.EclipseLogger - Using 'UTF-8' encoding to copy filtered resources.
2019-03-24 16:36:03,470 [Worker-39] INFO  o.e.m.c.i.embedder.EclipseLogger - skip non existing resourceDirectory C:\Users\user\Desktop\FACULTATE\AN3SEM2\PS-BOOKS\assignment-1-CatargiuAndreea\1\src\main\resources
2019-03-24 16:36:03,472 [Worker-39] INFO  o.e.m.c.i.embedder.EclipseLogger - Using 'UTF-8' encoding to copy filtered resources.
2019-03-24 16:36:03,473 [Worker-39] INFO  o.e.m.c.i.embedder.EclipseLogger - skip non existing resourceDirectory C:\Users\user\Desktop\FACULTATE\AN3SEM2\PS-BOOKS\assignment-1-CatargiuAndreea\1\src\test\resources
2019-03-24 16:36:18,442 [Worker-48] INFO  o.e.m.c.i.embedder.EclipseLogger - Using 'UTF-8' encoding to copy filtered resources.
2019-03-24 16:36:18,443 [Worker-48] INFO  o.e.m.c.i.embedder.EclipseLogger - skip non existing resourceDirectory C:\Users\user\Desktop\FACULTATE\AN3SEM2\PS-BOOKS\assignment-1-CatargiuAndreea\1\src\main\resources
2019-03-24 16:36:18,444 [Worker-48] INFO  o.e.m.c.i.embedder.EclipseLogger - Using 'UTF-8' encoding to copy filtered resources.
2019-03-24 16:36:18,444 [Worker-48] INFO  o.e.m.c.i.embedder.EclipseLogger - skip non existing resourceDirectory C:\Users\user\Desktop\FACULTATE\AN3SEM2\PS-BOOKS\assignment-1-CatargiuAndreea\1\src\test\resources
2019-03-24 16:41:27,344 [Worker-47] INFO  o.e.m.c.i.embedder.EclipseLogger - Using 'UTF-8' encoding to copy filtered resources.
2019-03-24 16:41:27,345 [Worker-47] INFO  o.e.m.c.i.embedder.EclipseLogger - skip non existing resourceDirectory C:\Users\user\Desktop\FACULTATE\AN3SEM2\PS-BOOKS\assignment-1-CatargiuAndreea\1\src\main\resources
2019-03-24 16:41:27,347 [Worker-47] INFO  o.e.m.c.i.embedder.EclipseLogger - Using 'UTF-8' encoding to copy filtered resources.
2019-03-24 16:41:27,348 [Worker-47] INFO  o.e.m.c.i.embedder.EclipseLogger - skip non existing resourceDirectory C:\Users\user\Desktop\FACULTATE\AN3SEM2\PS-BOOKS\assignment-1-CatargiuAndreea\1\src\test\resources
2019-03-24 16:45:39,803 [Worker-48] INFO  o.e.m.c.i.embedder.EclipseLogger - Using 'UTF-8' encoding to copy filtered resources.
2019-03-24 16:45:39,803 [Worker-48] INFO  o.e.m.c.i.embedder.EclipseLogger - skip non existing resourceDirectory C:\Users\user\Desktop\FACULTATE\AN3SEM2\PS-BOOKS\assignment-1-CatargiuAndreea\1\src\main\resources
2019-03-24 16:45:39,804 [Worker-48] INFO  o.e.m.c.i.embedder.EclipseLogger - Using 'UTF-8' encoding to copy filtered resources.
2019-03-24 16:45:39,805 [Worker-48] INFO  o.e.m.c.i.embedder.EclipseLogger - skip non existing resourceDirectory C:\Users\user\Desktop\FACULTATE\AN3SEM2\PS-BOOKS\assignment-1-CatargiuAndreea\1\src\test\resources
2019-03-24 16:46:11,704 [Worker-34] INFO  o.e.m.c.i.embedder.EclipseLogger - Using 'UTF-8' encoding to copy filtered resources.
2019-03-24 16:46:11,704 [Worker-34] INFO  o.e.m.c.i.embedder.EclipseLogger - skip non existing resourceDirectory C:\Users\user\Desktop\FACULTATE\AN3SEM2\PS-BOOKS\assignment-1-CatargiuAndreea\1\src\main\resources
2019-03-24 16:46:11,705 [Worker-34] INFO  o.e.m.c.i.embedder.EclipseLogger - Using 'UTF-8' encoding to copy filtered resources.
2019-03-24 16:46:11,706 [Worker-34] INFO  o.e.m.c.i.embedder.EclipseLogger - skip non existing resourceDirectory C:\Users\user\Desktop\FACULTATE\AN3SEM2\PS-BOOKS\assignment-1-CatargiuAndreea\1\src\test\resources
2019-03-24 16:50:04,929 [Worker-48] INFO  o.e.m.c.i.embedder.EclipseLogger - Using 'UTF-8' encoding to copy filtered resources.
2019-03-24 16:50:04,929 [Worker-48] INFO  o.e.m.c.i.embedder.EclipseLogger - skip non existing resourceDirectory C:\Users\user\Desktop\FACULTATE\AN3SEM2\PS-BOOKS\assignment-1-CatargiuAndreea\1\src\main\resources
2019-03-24 16:50:04,934 [Worker-48] INFO  o.e.m.c.i.embedder.EclipseLogger - Using 'UTF-8' encoding to copy filtered resources.
2019-03-24 16:50:04,934 [Worker-48] INFO  o.e.m.c.i.embedder.EclipseLogger - skip non existing resourceDirectory C:\Users\user\Desktop\FACULTATE\AN3SEM2\PS-BOOKS\assignment-1-CatargiuAndreea\1\src\test\resources
2019-03-24 16:50:12,177 [Worker-50] INFO  o.e.m.c.i.embedder.EclipseLogger - Using 'UTF-8' encoding to copy filtered resources.
2019-03-24 16:50:12,178 [Worker-50] INFO  o.e.m.c.i.embedder.EclipseLogger - skip non existing resourceDirectory C:\Users\user\Desktop\FACULTATE\AN3SEM2\PS-BOOKS\assignment-1-CatargiuAndreea\1\src\main\resources
2019-03-24 16:50:12,180 [Worker-50] INFO  o.e.m.c.i.embedder.EclipseLogger - Using 'UTF-8' encoding to copy filtered resources.
2019-03-24 16:50:12,180 [Worker-50] INFO  o.e.m.c.i.embedder.EclipseLogger - skip non existing resourceDirectory C:\Users\user\Desktop\FACULTATE\AN3SEM2\PS-BOOKS\assignment-1-CatargiuAndreea\1\src\test\resources
2019-03-24 16:57:18,799 [Worker-34] INFO  o.e.m.c.i.embedder.EclipseLogger - Using 'UTF-8' encoding to copy filtered resources.
2019-03-24 16:57:18,799 [Worker-34] INFO  o.e.m.c.i.embedder.EclipseLogger - skip non existing resourceDirectory C:\Users\user\Desktop\FACULTATE\AN3SEM2\PS-BOOKS\assignment-1-CatargiuAndreea\1\src\main\resources
2019-03-24 16:57:18,800 [Worker-34] INFO  o.e.m.c.i.embedder.EclipseLogger - Using 'UTF-8' encoding to copy filtered resources.
2019-03-24 16:57:18,800 [Worker-34] INFO  o.e.m.c.i.embedder.EclipseLogger - skip non existing resourceDirectory C:\Users\user\Desktop\FACULTATE\AN3SEM2\PS-BOOKS\assignment-1-CatargiuAndreea\1\src\test\resources
2019-03-24 16:59:18,098 [Worker-58] INFO  o.e.m.c.i.embedder.EclipseLogger - Using 'UTF-8' encoding to copy filtered resources.
2019-03-24 16:59:18,098 [Worker-58] INFO  o.e.m.c.i.embedder.EclipseLogger - skip non existing resourceDirectory C:\Users\user\Desktop\FACULTATE\AN3SEM2\PS-BOOKS\assignment-1-CatargiuAndreea\1\src\main\resources
2019-03-24 16:59:18,100 [Worker-58] INFO  o.e.m.c.i.embedder.EclipseLogger - Using 'UTF-8' encoding to copy filtered resources.
2019-03-24 16:59:18,100 [Worker-58] INFO  o.e.m.c.i.embedder.EclipseLogger - skip non existing resourceDirectory C:\Users\user\Desktop\FACULTATE\AN3SEM2\PS-BOOKS\assignment-1-CatargiuAndreea\1\src\test\resources
2019-03-24 17:00:59,166 [Worker-57] INFO  o.e.m.c.i.embedder.EclipseLogger - Using 'UTF-8' encoding to copy filtered resources.
2019-03-24 17:00:59,166 [Worker-57] INFO  o.e.m.c.i.embedder.EclipseLogger - skip non existing resourceDirectory C:\Users\user\Desktop\FACULTATE\AN3SEM2\PS-BOOKS\assignment-1-CatargiuAndreea\1\src\main\resources
2019-03-24 17:00:59,167 [Worker-57] INFO  o.e.m.c.i.embedder.EclipseLogger - Using 'UTF-8' encoding to copy filtered resources.
2019-03-24 17:00:59,167 [Worker-57] INFO  o.e.m.c.i.embedder.EclipseLogger - skip non existing resourceDirectory C:\Users\user\Desktop\FACULTATE\AN3SEM2\PS-BOOKS\assignment-1-CatargiuAndreea\1\src\test\resources
2019-03-24 17:01:06,928 [Worker-55] INFO  o.e.m.c.i.embedder.EclipseLogger - Using 'UTF-8' encoding to copy filtered resources.
2019-03-24 17:01:06,928 [Worker-55] INFO  o.e.m.c.i.embedder.EclipseLogger - skip non existing resourceDirectory C:\Users\user\Desktop\FACULTATE\AN3SEM2\PS-BOOKS\assignment-1-CatargiuAndreea\1\src\main\resources
2019-03-24 17:01:06,929 [Worker-55] INFO  o.e.m.c.i.embedder.EclipseLogger - Using 'UTF-8' encoding to copy filtered resources.
2019-03-24 17:01:06,930 [Worker-55] INFO  o.e.m.c.i.embedder.EclipseLogger - skip non existing resourceDirectory C:\Users\user\Desktop\FACULTATE\AN3SEM2\PS-BOOKS\assignment-1-CatargiuAndreea\1\src\test\resources
2019-03-24 17:03:32,277 [Worker-42] INFO  o.e.m.c.i.embedder.EclipseLogger - Using 'UTF-8' encoding to copy filtered resources.
2019-03-24 17:03:32,277 [Worker-42] INFO  o.e.m.c.i.embedder.EclipseLogger - skip non existing resourceDirectory C:\Users\user\Desktop\FACULTATE\AN3SEM2\PS-BOOKS\assignment-1-CatargiuAndreea\1\src\main\resources
2019-03-24 17:03:32,279 [Worker-42] INFO  o.e.m.c.i.embedder.EclipseLogger - Using 'UTF-8' encoding to copy filtered resources.
2019-03-24 17:03:32,280 [Worker-42] INFO  o.e.m.c.i.embedder.EclipseLogger - skip non existing resourceDirectory C:\Users\user\Desktop\FACULTATE\AN3SEM2\PS-BOOKS\assignment-1-CatargiuAndreea\1\src\test\resources
2019-03-24 17:03:53,297 [Worker-52] INFO  o.e.m.c.i.embedder.EclipseLogger - Using 'UTF-8' encoding to copy filtered resources.
2019-03-24 17:03:53,298 [Worker-52] INFO  o.e.m.c.i.embedder.EclipseLogger - skip non existing resourceDirectory C:\Users\user\Desktop\FACULTATE\AN3SEM2\PS-BOOKS\assignment-1-CatargiuAndreea\1\src\main\resources
2019-03-24 17:03:53,299 [Worker-52] INFO  o.e.m.c.i.embedder.EclipseLogger - Using 'UTF-8' encoding to copy filtered resources.
2019-03-24 17:03:53,300 [Worker-52] INFO  o.e.m.c.i.embedder.EclipseLogger - skip non existing resourceDirectory C:\Users\user\Desktop\FACULTATE\AN3SEM2\PS-BOOKS\assignment-1-CatargiuAndreea\1\src\test\resources
2019-03-24 17:04:42,607 [Worker-57] INFO  o.e.m.c.i.embedder.EclipseLogger - Using 'UTF-8' encoding to copy filtered resources.
2019-03-24 17:04:42,607 [Worker-57] INFO  o.e.m.c.i.embedder.EclipseLogger - skip non existing resourceDirectory C:\Users\user\Desktop\FACULTATE\AN3SEM2\PS-BOOKS\assignment-1-CatargiuAndreea\1\src\main\resources
2019-03-24 17:04:42,610 [Worker-57] INFO  o.e.m.c.i.embedder.EclipseLogger - Using 'UTF-8' encoding to copy filtered resources.
2019-03-24 17:04:42,611 [Worker-57] INFO  o.e.m.c.i.embedder.EclipseLogger - skip non existing resourceDirectory C:\Users\user\Desktop\FACULTATE\AN3SEM2\PS-BOOKS\assignment-1-CatargiuAndreea\1\src\test\resources
2019-03-24 17:16:24,438 [Worker-61] INFO  o.e.m.c.i.embedder.EclipseLogger - Using 'UTF-8' encoding to copy filtered resources.
2019-03-24 17:16:24,451 [Worker-61] INFO  o.e.m.c.i.embedder.EclipseLogger - skip non existing resourceDirectory C:\Users\user\Desktop\FACULTATE\AN3SEM2\PS-BOOKS\assignment-1-CatargiuAndreea\1\src\main\resources
2019-03-24 17:16:24,464 [Worker-61] INFO  o.e.m.c.i.embedder.EclipseLogger - Using 'UTF-8' encoding to copy filtered resources.
2019-03-24 17:16:24,464 [Worker-61] INFO  o.e.m.c.i.embedder.EclipseLogger - skip non existing resourceDirectory C:\Users\user\Desktop\FACULTATE\AN3SEM2\PS-BOOKS\assignment-1-CatargiuAndreea\1\src\test\resources
2019-03-24 17:16:33,570 [Worker-64] INFO  o.e.m.c.i.embedder.EclipseLogger - Using 'UTF-8' encoding to copy filtered resources.
2019-03-24 17:16:33,570 [Worker-64] INFO  o.e.m.c.i.embedder.EclipseLogger - skip non existing resourceDirectory C:\Users\user\Desktop\FACULTATE\AN3SEM2\PS-BOOKS\assignment-1-CatargiuAndreea\1\src\main\resources
2019-03-24 17:16:33,571 [Worker-64] INFO  o.e.m.c.i.embedder.EclipseLogger - Using 'UTF-8' encoding to copy filtered resources.
2019-03-24 17:16:33,572 [Worker-64] INFO  o.e.m.c.i.embedder.EclipseLogger - skip non existing resourceDirectory C:\Users\user\Desktop\FACULTATE\AN3SEM2\PS-BOOKS\assignment-1-CatargiuAndreea\1\src\test\resources
2019-03-24 17:18:36,134 [Worker-53] INFO  o.e.m.c.i.embedder.EclipseLogger - Using 'UTF-8' encoding to copy filtered resources.
2019-03-24 17:18:36,134 [Worker-53] INFO  o.e.m.c.i.embedder.EclipseLogger - skip non existing resourceDirectory C:\Users\user\Desktop\FACULTATE\AN3SEM2\PS-BOOKS\assignment-1-CatargiuAndreea\1\src\main\resources
2019-03-24 17:18:36,136 [Worker-53] INFO  o.e.m.c.i.embedder.EclipseLogger - Using 'UTF-8' encoding to copy filtered resources.
2019-03-24 17:18:36,136 [Worker-53] INFO  o.e.m.c.i.embedder.EclipseLogger - skip non existing resourceDirectory C:\Users\user\Desktop\FACULTATE\AN3SEM2\PS-BOOKS\assignment-1-CatargiuAndreea\1\src\test\resources
2019-03-24 17:24:20,527 [Worker-63] INFO  o.e.m.c.i.embedder.EclipseLogger - Using 'UTF-8' encoding to copy filtered resources.
2019-03-24 17:24:20,527 [Worker-63] INFO  o.e.m.c.i.embedder.EclipseLogger - skip non existing resourceDirectory C:\Users\user\Desktop\FACULTATE\AN3SEM2\PS-BOOKS\assignment-1-CatargiuAndreea\1\src\main\resources
2019-03-24 17:24:20,528 [Worker-63] INFO  o.e.m.c.i.embedder.EclipseLogger - Using 'UTF-8' encoding to copy filtered resources.
2019-03-24 17:24:20,528 [Worker-63] INFO  o.e.m.c.i.embedder.EclipseLogger - skip non existing resourceDirectory C:\Users\user\Desktop\FACULTATE\AN3SEM2\PS-BOOKS\assignment-1-CatargiuAndreea\1\src\test\resources
